<?xml version="1.0" encoding="UTF-8"?>
<!-- Generated by org.testng.reporters.JUnitXMLReporter -->
<testsuite ignored="0" hostname="COLLABPH1003073" failures="1" tests="1" name="Test" time="9.798" errors="0" timestamp="2023-11-03T01:58:10 SGT">
  <testcase classname="test.GenStoreLogin" name="login" time="0.003">
    <failure type="java.lang.NullPointerException" message="Cannot read field &amp;quot;NameField&amp;quot; because &amp;quot;this.genstorepages&amp;quot; is null">
      <![CDATA[java.lang.NullPointerException: Cannot read field "NameField" because "this.genstorepages" is null
at test.GenStoreLogin.login(GenStoreLogin.java:19)
at java.base/java.util.ArrayList.forEach(ArrayList.java:1511)
... Removed 27 stack frames]]>
    </failure>
  </testcase> <!-- login -->
</testsuite> <!-- Test -->
