<?xml version="1.0" encoding="UTF-8"?>
<testng-results ignored="0" total="2" passed="2" failed="0" skipped="0">
  <reporter-output>
  </reporter-output>
  <suite started-at="2023-11-03T05:15:38 SGT" name="Default suite" finished-at="2023-11-03T05:15:49 SGT" duration-ms="10952">
    <groups>
    </groups>
    <test started-at="2023-11-03T05:15:38 SGT" name="Default test" finished-at="2023-11-03T05:15:49 SGT" duration-ms="10952">
      <class name="genStoreTest.GenStoreLogin">
        <test-method is-config="true" signature="startServerAndApp()[pri:0, instance:genStoreTest.GenStoreLogin@28701274]" started-at="2023-11-03T05:15:38 SGT" name="startServerAndApp" finished-at="2023-11-03T05:15:43 SGT" duration-ms="4899" status="PASS">
          <reporter-output>
          </reporter-output>
        </test-method> <!-- startServerAndApp -->
        <test-method signature="test()[pri:0, instance:genStoreTest.GenStoreLogin@28701274]" started-at="2023-11-03T05:15:43 SGT" name="test" finished-at="2023-11-03T05:15:43 SGT" duration-ms="3" status="PASS">
          <reporter-output>
          </reporter-output>
        </test-method> <!-- test -->
        <test-method signature="login()[pri:0, instance:genStoreTest.GenStoreLogin@28701274]" started-at="2023-11-03T05:15:43 SGT" name="login" finished-at="2023-11-03T05:15:48 SGT" duration-ms="5712" status="PASS">
          <reporter-output>
          </reporter-output>
        </test-method> <!-- login -->
        <test-method is-config="true" signature="teardown()[pri:0, instance:genStoreTest.GenStoreLogin@28701274]" started-at="2023-11-03T05:15:48 SGT" name="teardown" finished-at="2023-11-03T05:15:49 SGT" duration-ms="309" status="PASS">
          <reporter-output>
          </reporter-output>
        </test-method> <!-- teardown -->
      </class> <!-- genStoreTest.GenStoreLogin -->
    </test> <!-- Default test -->
  </suite> <!-- Default suite -->
</testng-results>
