<?xml version="1.0" encoding="UTF-8"?>
<testng-results ignored="0" total="4" passed="3" failed="1" skipped="0">
  <reporter-output>
  </reporter-output>
  <suite started-at="2023-11-04T09:43:44 SGT" name="Suite" finished-at="2023-11-04T09:44:56 SGT" duration-ms="72042">
    <groups>
    </groups>
    <test started-at="2023-11-04T09:43:44 SGT" name="Test" finished-at="2023-11-04T09:44:56 SGT" duration-ms="72042">
      <class name="genStoreTest.GenStoreAddtoCart">
        <test-method is-config="true" signature="startServerAndApp()[pri:0, instance:genStoreTest.GenStoreAddtoCart@c730b35]" started-at="2023-11-04T09:44:11 SGT" name="startServerAndApp" finished-at="2023-11-04T09:44:16 SGT" duration-ms="5669" status="PASS">
          <reporter-output>
          </reporter-output>
        </test-method> <!-- startServerAndApp -->
        <test-method signature="getShoeNamesandCount()[pri:0, instance:genStoreTest.GenStoreAddtoCart@c730b35]" started-at="2023-11-04T09:44:16 SGT" name="getShoeNamesandCount" finished-at="2023-11-04T09:44:37 SGT" duration-ms="20798" status="FAIL">
          <exception class="org.openqa.selenium.NoSuchElementException">
            <message>
              <![CDATA[An element could not be located on the page using the given search parameters.
For documentation on this error, please visit: https://www.selenium.dev/documentation/webdriver/troubleshooting/errors#no-such-element-exception
Build info: version: '4.13.0', revision: 'ba948ece5b*'
System info: os.name: 'Windows 10', os.arch: 'amd64', os.version: '10.0', java.version: '17.0.9'
Driver info: io.appium.java_client.android.AndroidDriver
Command: [1a1a34f7-0599-4dca-84f8-6da292fe69d2, findElement {using=-android uiautomator, value=new UiScrollable(new UiSelector()).scrollIntoView(text("PG 3"))}]
Capabilities {appium:app: C:\Users\COLLABERA.DIGITAL\..., appium:appPackage: com.androidsample.generalstore, appium:automationName: UIAutomator2, appium:databaseEnabled: false, appium:desired: {app: C:\Users\COLLABERA.DIGITAL\..., automationName: UIAutomator2, platformName: ANDROID, platformVersion: 13}, appium:deviceApiLevel: 33, appium:deviceManufacturer: Google, appium:deviceModel: sdk_gphone_x86_64, appium:deviceName: emulator-5554, appium:deviceScreenDensity: 560, appium:deviceScreenSize: 1440x3120, appium:deviceUDID: emulator-5554, appium:javascriptEnabled: true, appium:locationContextEnabled: false, appium:networkConnectionEnabled: true, appium:pixelRatio: 3.5, appium:platformVersion: 13, appium:statBarHeight: 84, appium:takesScreenshot: true, appium:viewportRect: {height: 2807, left: 0, top: 84, width: 1440}, appium:warnings: {}, appium:webStorageEnabled: false, platformName: ANDROID}
Session ID: 1a1a34f7-0599-4dca-84f8-6da292fe69d2]]>
            </message>
            <full-stacktrace>
              <![CDATA[org.openqa.selenium.NoSuchElementException: An element could not be located on the page using the given search parameters.
For documentation on this error, please visit: https://www.selenium.dev/documentation/webdriver/troubleshooting/errors#no-such-element-exception
Build info: version: '4.13.0', revision: 'ba948ece5b*'
System info: os.name: 'Windows 10', os.arch: 'amd64', os.version: '10.0', java.version: '17.0.9'
Driver info: io.appium.java_client.android.AndroidDriver
Command: [1a1a34f7-0599-4dca-84f8-6da292fe69d2, findElement {using=-android uiautomator, value=new UiScrollable(new UiSelector()).scrollIntoView(text("PG 3"))}]
Capabilities {appium:app: C:\Users\COLLABERA.DIGITAL\..., appium:appPackage: com.androidsample.generalstore, appium:automationName: UIAutomator2, appium:databaseEnabled: false, appium:desired: {app: C:\Users\COLLABERA.DIGITAL\..., automationName: UIAutomator2, platformName: ANDROID, platformVersion: 13}, appium:deviceApiLevel: 33, appium:deviceManufacturer: Google, appium:deviceModel: sdk_gphone_x86_64, appium:deviceName: emulator-5554, appium:deviceScreenDensity: 560, appium:deviceScreenSize: 1440x3120, appium:deviceUDID: emulator-5554, appium:javascriptEnabled: true, appium:locationContextEnabled: false, appium:networkConnectionEnabled: true, appium:pixelRatio: 3.5, appium:platformVersion: 13, appium:statBarHeight: 84, appium:takesScreenshot: true, appium:viewportRect: {height: 2807, left: 0, top: 84, width: 1440}, appium:warnings: {}, appium:webStorageEnabled: false, platformName: ANDROID}
Session ID: 1a1a34f7-0599-4dca-84f8-6da292fe69d2
at java.base/jdk.internal.reflect.NativeConstructorAccessorImpl.newInstance0(Native Method)
at java.base/jdk.internal.reflect.NativeConstructorAccessorImpl.newInstance(NativeConstructorAccessorImpl.java:77)
at java.base/jdk.internal.reflect.DelegatingConstructorAccessorImpl.newInstance(DelegatingConstructorAccessorImpl.java:45)
at java.base/java.lang.reflect.Constructor.newInstanceWithCaller(Constructor.java:499)
at java.base/java.lang.reflect.Constructor.newInstance(Constructor.java:480)
at org.openqa.selenium.remote.codec.w3c.W3CHttpResponseCodec.createException(W3CHttpResponseCodec.java:200)
at org.openqa.selenium.remote.codec.w3c.W3CHttpResponseCodec.decode(W3CHttpResponseCodec.java:133)
at org.openqa.selenium.remote.codec.w3c.W3CHttpResponseCodec.decode(W3CHttpResponseCodec.java:52)
at org.openqa.selenium.remote.HttpCommandExecutor.execute(HttpCommandExecutor.java:191)
at io.appium.java_client.remote.AppiumCommandExecutor.execute(AppiumCommandExecutor.java:250)
at org.openqa.selenium.remote.RemoteWebDriver.execute(RemoteWebDriver.java:602)
at org.openqa.selenium.remote.ElementLocation$ElementFinder$2.findElement(ElementLocation.java:165)
at org.openqa.selenium.remote.ElementLocation.findElement(ElementLocation.java:66)
at org.openqa.selenium.remote.RemoteWebDriver.findElement(RemoteWebDriver.java:359)
at org.openqa.selenium.remote.RemoteWebDriver.findElement(RemoteWebDriver.java:353)
at genstoreUtility.GenstoreUtils.scollToText(GenstoreUtils.java:36)
at genStoreTest.GenStoreAddtoCart.getShoeNamesandCount(GenStoreAddtoCart.java:41)
at java.base/jdk.internal.reflect.NativeMethodAccessorImpl.invoke0(Native Method)
at java.base/jdk.internal.reflect.NativeMethodAccessorImpl.invoke(NativeMethodAccessorImpl.java:77)
at java.base/jdk.internal.reflect.DelegatingMethodAccessorImpl.invoke(DelegatingMethodAccessorImpl.java:43)
at java.base/java.lang.reflect.Method.invoke(Method.java:568)
at org.testng.internal.invokers.MethodInvocationHelper.invokeMethod(MethodInvocationHelper.java:139)
at org.testng.internal.invokers.TestInvoker.invokeMethod(TestInvoker.java:677)
at org.testng.internal.invokers.TestInvoker.invokeTestMethod(TestInvoker.java:221)
at org.testng.internal.invokers.MethodRunner.runInSequence(MethodRunner.java:50)
at org.testng.internal.invokers.TestInvoker$MethodInvocationAgent.invoke(TestInvoker.java:962)
at org.testng.internal.invokers.TestInvoker.invokeTestMethods(TestInvoker.java:194)
at org.testng.internal.invokers.TestMethodWorker.invokeTestMethods(TestMethodWorker.java:148)
at org.testng.internal.invokers.TestMethodWorker.run(TestMethodWorker.java:128)
at java.base/java.util.ArrayList.forEach(ArrayList.java:1511)
at org.testng.TestRunner.privateRun(TestRunner.java:806)
at org.testng.TestRunner.run(TestRunner.java:601)
at org.testng.SuiteRunner.runTest(SuiteRunner.java:433)
at org.testng.SuiteRunner.runSequentially(SuiteRunner.java:427)
at org.testng.SuiteRunner.privateRun(SuiteRunner.java:387)
at org.testng.SuiteRunner.run(SuiteRunner.java:330)
at org.testng.SuiteRunnerWorker.runSuite(SuiteRunnerWorker.java:52)
at org.testng.SuiteRunnerWorker.run(SuiteRunnerWorker.java:95)
at org.testng.TestNG.runSuitesSequentially(TestNG.java:1256)
at org.testng.TestNG.runSuitesLocally(TestNG.java:1176)
at org.testng.TestNG.runSuites(TestNG.java:1099)
at org.testng.TestNG.run(TestNG.java:1067)
at org.testng.remote.AbstractRemoteTestNG.run(AbstractRemoteTestNG.java:115)
at org.testng.remote.RemoteTestNG.initAndRun(RemoteTestNG.java:251)
at org.testng.remote.RemoteTestNG.main(RemoteTestNG.java:77)
]]>
            </full-stacktrace>
          </exception> <!-- org.openqa.selenium.NoSuchElementException -->
          <reporter-output>
          </reporter-output>
        </test-method> <!-- getShoeNamesandCount -->
        <test-method is-config="true" signature="teardown()[pri:0, instance:genStoreTest.GenStoreAddtoCart@c730b35]" started-at="2023-11-04T09:44:37 SGT" name="teardown" finished-at="2023-11-04T09:44:37 SGT" duration-ms="0" status="PASS">
          <reporter-output>
          </reporter-output>
        </test-method> <!-- teardown -->
      </class> <!-- genStoreTest.GenStoreAddtoCart -->
      <class name="genStoreTest.GenStoreLogin">
        <test-method is-config="true" signature="startServerAndApp()[pri:0, instance:genStoreTest.GenStoreLogin@4afcd809]" started-at="2023-11-04T09:43:44 SGT" name="startServerAndApp" finished-at="2023-11-04T09:43:51 SGT" duration-ms="6772" status="PASS">
          <reporter-output>
          </reporter-output>
        </test-method> <!-- startServerAndApp -->
        <test-method signature="login()[pri:0, instance:genStoreTest.GenStoreLogin@4afcd809]" started-at="2023-11-04T09:43:51 SGT" name="login" finished-at="2023-11-04T09:43:59 SGT" duration-ms="8069" status="PASS">
          <reporter-output>
          </reporter-output>
        </test-method> <!-- login -->
        <test-method is-config="true" signature="teardown()[pri:0, instance:genStoreTest.GenStoreLogin@4afcd809]" started-at="2023-11-04T09:43:59 SGT" name="teardown" finished-at="2023-11-04T09:43:59 SGT" duration-ms="0" status="PASS">
          <reporter-output>
          </reporter-output>
        </test-method> <!-- teardown -->
      </class> <!-- genStoreTest.GenStoreLogin -->
      <class name="genStoreTest.GenStoreErrorValidation">
        <test-method is-config="true" signature="startServerAndApp()[pri:0, instance:genStoreTest.GenStoreErrorValidation@3c46e67a]" started-at="2023-11-04T09:43:59 SGT" name="startServerAndApp" finished-at="2023-11-04T09:44:05 SGT" duration-ms="5994" status="PASS">
          <reporter-output>
          </reporter-output>
        </test-method> <!-- startServerAndApp -->
        <test-method signature="errorValidation()[pri:0, instance:genStoreTest.GenStoreErrorValidation@3c46e67a]" started-at="2023-11-04T09:44:05 SGT" name="errorValidation" finished-at="2023-11-04T09:44:11 SGT" duration-ms="5987" status="PASS">
          <reporter-output>
          </reporter-output>
        </test-method> <!-- errorValidation -->
        <test-method is-config="true" signature="teardown()[pri:0, instance:genStoreTest.GenStoreErrorValidation@3c46e67a]" started-at="2023-11-04T09:44:11 SGT" name="teardown" finished-at="2023-11-04T09:44:11 SGT" duration-ms="0" status="PASS">
          <reporter-output>
          </reporter-output>
        </test-method> <!-- teardown -->
      </class> <!-- genStoreTest.GenStoreErrorValidation -->
      <class name="genStoreTest.GenStoreScrolltoProduct">
        <test-method is-config="true" signature="startServerAndApp()[pri:0, instance:genStoreTest.GenStoreScrolltoProduct@206a70ef]" started-at="2023-11-04T09:44:37 SGT" name="startServerAndApp" finished-at="2023-11-04T09:44:43 SGT" duration-ms="5269" status="PASS">
          <reporter-output>
          </reporter-output>
        </test-method> <!-- startServerAndApp -->
        <test-method signature="getShoeNamesandCount()[pri:0, instance:genStoreTest.GenStoreScrolltoProduct@206a70ef]" started-at="2023-11-04T09:44:43 SGT" name="getShoeNamesandCount" finished-at="2023-11-04T09:44:56 SGT" duration-ms="13451" status="PASS">
          <reporter-output>
          </reporter-output>
        </test-method> <!-- getShoeNamesandCount -->
        <test-method is-config="true" signature="teardown()[pri:0, instance:genStoreTest.GenStoreScrolltoProduct@206a70ef]" started-at="2023-11-04T09:44:56 SGT" name="teardown" finished-at="2023-11-04T09:44:56 SGT" duration-ms="0" status="PASS">
          <reporter-output>
          </reporter-output>
        </test-method> <!-- teardown -->
      </class> <!-- genStoreTest.GenStoreScrolltoProduct -->
    </test> <!-- Test -->
  </suite> <!-- Suite -->
</testng-results>
